{"/Users/ravsohal/jest-quiz/js/app.js": {"path":"/Users/ravsohal/jest-quiz/js/app.js","statementMap":{"0":{"start":{"line":1,"column":14},"end":{"line":4,"column":1}},"1":{"start":{"line":2,"column":12},"end":{"line":2,"column":17}},"2":{"start":{"line":3,"column":2},"end":{"line":3,"column":13}},"3":{"start":{"line":8,"column":4},"end":{"line":8,"column":29}},"4":{"start":{"line":9,"column":4},"end":{"line":9,"column":27}},"5":{"start":{"line":10,"column":4},"end":{"line":10,"column":27}},"6":{"start":{"line":14,"column":22},"end":{"line":18,"column":5}},"7":{"start":{"line":20,"column":12},"end":{"line":25,"column":1}},"8":{"start":{"line":27,"column":16},"end":{"line":30,"column":1}},"9":{"start":{"line":28,"column":4},"end":{"line":28,"column":31}},"10":{"start":{"line":29,"column":4},"end":{"line":29,"column":25}},"11":{"start":{"line":32,"column":8},"end":{"line":32,"column":10}},"12":{"start":{"line":33,"column":17},"end":{"line":33,"column":18}},"13":{"start":{"line":34,"column":15},"end":{"line":34,"column":16}},"14":{"start":{"line":35,"column":14},"end":{"line":35,"column":15}},"15":{"start":{"line":37,"column":15},"end":{"line":37,"column":50}},"16":{"start":{"line":38,"column":14},"end":{"line":38,"column":49}},"17":{"start":{"line":39,"column":17},"end":{"line":39,"column":50}},"18":{"start":{"line":41,"column":16},"end":{"line":47,"column":1}},"19":{"start":{"line":42,"column":17},"end":{"line":42,"column":19}},"20":{"start":{"line":43,"column":15},"end":{"line":45,"column":4}},"21":{"start":{"line":44,"column":6},"end":{"line":44,"column":49}},"22":{"start":{"line":46,"column":2},"end":{"line":46,"column":18}},"23":{"start":{"line":49,"column":0},"end":{"line":49,"column":10}},"24":{"start":{"line":73,"column":0},"end":{"line":73,"column":10}},"25":{"start":{"line":75,"column":13},"end":{"line":75,"column":25}},"26":{"start":{"line":76,"column":0},"end":{"line":76,"column":36}}},"fnMap":{"0":{"name":"(anonymous_0)","decl":{"start":{"line":1,"column":14},"end":{"line":1,"column":15}},"loc":{"start":{"line":1,"column":24},"end":{"line":4,"column":1}},"line":1},"1":{"name":"(anonymous_1)","decl":{"start":{"line":7,"column":2},"end":{"line":7,"column":3}},"loc":{"start":{"line":7,"column":43},"end":{"line":11,"column":3}},"line":7},"2":{"name":"(anonymous_2)","decl":{"start":{"line":27,"column":16},"end":{"line":27,"column":17}},"loc":{"start":{"line":27,"column":22},"end":{"line":30,"column":1}},"line":27},"3":{"name":"(anonymous_3)","decl":{"start":{"line":41,"column":16},"end":{"line":41,"column":17}},"loc":{"start":{"line":41,"column":22},"end":{"line":47,"column":1}},"line":41},"4":{"name":"(anonymous_4)","decl":{"start":{"line":43,"column":37},"end":{"line":43,"column":38}},"loc":{"start":{"line":43,"column":52},"end":{"line":45,"column":3}},"line":43}},"branchMap":{"0":{"loc":{"start":{"line":75,"column":13},"end":{"line":75,"column":25}},"type":"binary-expr","locations":[{"start":{"line":75,"column":13},"end":{"line":75,"column":19}},{"start":{"line":75,"column":23},"end":{"line":75,"column":25}}],"line":75}},"s":{"0":1,"1":0,"2":0,"3":3,"4":3,"5":3,"6":1,"7":1,"8":1,"9":2,"10":2,"11":1,"12":1,"13":1,"14":1,"15":1,"16":1,"17":1,"18":1,"19":2,"20":2,"21":6,"22":2,"23":1,"24":1,"25":1,"26":1},"f":{"0":0,"1":3,"2":2,"3":2,"4":6},"b":{"0":[1,0]},"_coverageSchema":"1a1c01bbd47fc00a2c39e90264f33305004495a9","hash":"a3ba8fe92a5130baca720df5f6e6fa33513679be"}
}
