TN:
SF:js/app.js
FN:1,(anonymous_0)
FN:7,(anonymous_1)
FN:27,(anonymous_2)
FN:41,(anonymous_3)
FN:43,(anonymous_4)
FNF:5
FNH:4
FNDA:0,(anonymous_0)
FNDA:3,(anonymous_1)
FNDA:2,(anonymous_2)
FNDA:2,(anonymous_3)
FNDA:6,(anonymous_4)
DA:1,1
DA:2,0
DA:3,0
DA:8,3
DA:9,3
DA:10,3
DA:14,1
DA:20,1
DA:27,1
DA:28,2
DA:29,2
DA:32,1
DA:33,1
DA:34,1
DA:35,1
DA:37,1
DA:38,1
DA:39,1
DA:41,1
DA:42,2
DA:43,2
DA:44,6
DA:46,2
DA:49,1
DA:73,1
DA:75,1
DA:76,1
LF:27
LH:25
BRDA:75,0,0,1
BRDA:75,0,1,0
BRF:2
BRH:1
end_of_record
